
**** Build of configuration Debug for project ADC_sample1 ****

"C:\\ti\\ccsv6\\utils\\bin\\gmake" -k all 
'Building file: ../main.c'
'Invoking: MSP430 Compiler'
"C:/ti/ccsv6/tools/compiler/ti-cgt-msp430_4.4.5/bin/cl430" -vmsp --abi=eabi --use_hw_mpy=none --include_path="C:/ti/ccsv6/ccs_base/msp430/include" --include_path="C:/ti/ccsv6/tools/compiler/ti-cgt-msp430_4.4.5/include" --advice:power=all -g --define=__MSP430G2553__ --diag_warning=225 --diag_wrap=off --display_error_number --printf_support=minimal --preproc_with_compile --preproc_dependency="main.pp"  "../main.c"
"../main.c", line 14: warning #225-D: function "__bits_SR_register" declared implicitly
"../main.c", line 21: warning #112-D: statement is unreachable
'Finished building: ../main.c'
' '
'Building target: ADC_sample1.out'
'Invoking: MSP430 Linker'
"C:/ti/ccsv6/tools/compiler/ti-cgt-msp430_4.4.5/bin/cl430" -vmsp --abi=eabi --use_hw_mpy=none --advice:power=all -g --define=__MSP430G2553__ --diag_warning=225 --diag_wrap=off --display_error_number --printf_support=minimal -z -m"ADC_sample1.map" --heap_size=80 --stack_size=80 -i"C:/ti/ccsv6/ccs_base/msp430/include" -i"C:/ti/ccsv6/tools/compiler/ti-cgt-msp430_4.4.5/lib" -i"C:/ti/ccsv6/tools/compiler/ti-cgt-msp430_4.4.5/include" --reread_libs --warn_sections --diag_wrap=off --display_error_number --xml_link_info="ADC_sample1_linkInfo.xml" --use_hw_mpy=none --rom_model -o "ADC_sample1.out" "./main.obj" "../lnk_msp430g2553.cmd"  -l"libc.a" 
<Linking>

 undefined          first referenced
remark #10371-D: (ULP 1.1) Detected no uses of low power mode state changing instructions
remark #10372-D: (ULP 4.1) Detected uninitialized Port 2 in this project. Recommend initializing all unused ports to eliminate wasted current consumption on unused pins.
remark #10372-D: (ULP 4.1) Detected uninitialized Port 3 in this project. Recommend initializing all unused ports to eliminate wasted current consumption on unused pins.

>> Compilation failure
  symbol                in file     
 ---------          ----------------
 __bits_SR_register ./main.obj      

error #10234-D: unresolved symbols remain
error #10010: errors encountered during linking; "ADC_sample1.out" not built
gmake: *** [ADC_sample1.out] Error 1
gmake: Target `all' not remade because of errors.

**** Build Finished ****
