
**** Build of configuration Debug for project Lab04 ****

"C:\\ti\\ccsv6\\utils\\bin\\gmake" -k all 
'Building file: ../main.c'
'Invoking: MSP430 Compiler'
"C:/ti/ccsv6/tools/compiler/ti-cgt-msp430_4.4.5/bin/cl430" -vmsp --abi=eabi --use_hw_mpy=none --include_path="C:/ti/ccsv6/ccs_base/msp430/include" --include_path="C:/ti/ccsv6/tools/compiler/ti-cgt-msp430_4.4.5/include" --advice:power=all -g --define=__MSP430G2553__ --diag_warning=225 --diag_wrap=off --display_error_number --printf_support=minimal --preproc_with_compile --preproc_dependency="main.pp"  "../main.c"
"../main.c", line 31: remark #1540-D: (ULP 11.2) Assignment of higher bits (constants) to "P1OUT" within a loop. Recommend using lower 4 bits to allow use of constant generators
"../main.c", line 35: remark #1540-D: (ULP 11.2) Assignment of higher bits (constants) to "P1OUT" within a loop. Recommend using lower 4 bits to allow use of constant generators
"../main.c", line 33: remark #1527-D: (ULP 2.1) Detected SW delay loop using empty loop. Recommend using a timer module instead
"../main.c", line 71: remark #1538-D: (ULP 10.1) ISR TIMER0_A0_ISR calls function ConfigLEDs. Recommend moving function call away from ISR, or inlining the function, or using pragmas
'Finished building: ../main.c'
' '
'Building target: Lab04.out'
'Invoking: MSP430 Linker'
"C:/ti/ccsv6/tools/compiler/ti-cgt-msp430_4.4.5/bin/cl430" -vmsp --abi=eabi --use_hw_mpy=none --advice:power=all -g --define=__MSP430G2553__ --diag_warning=225 --diag_wrap=off --display_error_number --printf_support=minimal -z -m"Lab04.map" --heap_size=80 --stack_size=80 -i"C:/ti/ccsv6/ccs_base/msp430/include" -i"C:/ti/ccsv6/tools/compiler/ti-cgt-msp430_4.4.5/lib" -i"C:/ti/ccsv6/tools/compiler/ti-cgt-msp430_4.4.5/include" --reread_libs --warn_sections --diag_wrap=off --display_error_number --xml_link_info="Lab04_linkInfo.xml" --use_hw_mpy=none --rom_model -o "Lab04.out" "./main.obj" "../lnk_msp430g2553.cmd"  -l"libc.a" 
<Linking>
remark #10371-D: (ULP 1.1) Detected no uses of low power mode state changing instructions
remark #10372-D: (ULP 4.1) Detected uninitialized Port 2 in this project. Recommend initializing all unused ports to eliminate wasted current consumption on unused pins.
remark #10372-D: (ULP 4.1) Detected uninitialized Port 3 in this project. Recommend initializing all unused ports to eliminate wasted current consumption on unused pins.
'Finished building target: Lab04.out'
' '

**** Build Finished ****
